Сборка начата 01.01.16 23:59:24.
     1>Проект "\\psf\Home\Desktop\CG3\RayTracer\src\RayTracer.vcxproj" в узле 2 (целевые объекты Rebuild).
     1>ClCompile:
         C:\Program Files (x86)\VC\bin\CL.exe /c /I..\glm /Zi /nologo /W3 /WX- /O2 /Oi /Oy- /GL /D WIN32 /D NDEBUG /D _CONSOLE /D _MBCS /Gm- /EHsc /MD /GS /Gy /fp:precise /Zc:wchar_t /Zc:forScope /openmp /Fo"Release\\" /Fd"Release\vc120.pdb" /Gd /TP /analyze- /errorReport:prompt Main.cpp Scene.cpp Tracer.cpp
         Main.cpp
     1>Main.cpp(23): warning C4996: 'fopen': This function or variable may be unsafe. Consider using fopen_s instead. To disable deprecation, use _CRT_SECURE_NO_WARNINGS. See online help for details.
                 C:\Program Files (x86)\VC\include\stdio.h(211): см. объявление "fopen"
     1>Main.cpp(35): warning C4996: 'fscanf': This function or variable may be unsafe. Consider using fscanf_s instead. To disable deprecation, use _CRT_SECURE_NO_WARNINGS. See online help for details.
                 C:\Program Files (x86)\VC\include\stdio.h(230): см. объявление "fscanf"
         Scene.cpp
         Tracer.cpp
     1>Tracer.cpp(28): warning C4244: инициализация: преобразование "double" в "float", возможна потеря данных
     1>Tracer.cpp(39): warning C4244: аргумент: преобразование "float" в "unsigned int", возможна потеря данных
     1>Tracer.cpp(46): warning C4244: инициализация: преобразование "const double" в "float", возможна потеря данных
     1>Tracer.cpp(47): warning C4244: инициализация: преобразование "const double" в "float", возможна потеря данных
     1>Tracer.cpp(71): warning C4244: инициализация: преобразование "double" в "int", возможна потеря данных
     1>Tracer.cpp(182): warning C4244: =: преобразование "int" в "float", возможна потеря данных
     1>Tracer.cpp(183): warning C4244: =: преобразование "int" в "float", возможна потеря данных
     1>Tracer.cpp(188): warning C4244: аргумент: преобразование "float" в "unsigned int", возможна потеря данных
     1>Tracer.cpp(189): warning C4244: аргумент: преобразование "float" в "unsigned int", возможна потеря данных
     1>Tracer.cpp(259): warning C4244: =: преобразование "float" в "unsigned char", возможна потеря данных
     1>Tracer.cpp(260): warning C4244: =: преобразование "float" в "unsigned char", возможна потеря данных
     1>Tracer.cpp(261): warning C4244: =: преобразование "float" в "unsigned char", возможна потеря данных
       Link:
         C:\Program Files (x86)\VC\bin\link.exe /ERRORREPORT:PROMPT /OUT:"\\psf\Home\Desktop\CG3\RayTracer\src\..\bin\RayTracer.exe" /INCREMENTAL:NO /NOLOGO kernel32.lib user32.lib gdi32.lib winspool.lib comdlg32.lib advapi32.lib shell32.lib ole32.lib oleaut32.lib uuid.lib odbc32.lib odbccp32.lib /MANIFEST /MANIFESTUAC:"level='asInvoker' uiAccess='false'" /manifest:embed /DEBUG /PDB:"\\psf\Home\Desktop\CG3\RayTracer\src\..\bin\RayTracer.pdb" /SUBSYSTEM:CONSOLE /OPT:REF /OPT:ICF /LTCG /TLBID:1 /DYNAMICBASE /NXCOMPAT /IMPLIB:"\\psf\Home\Desktop\CG3\RayTracer\src\..\bin\RayTracer.lib" /MACHINE:X86 /SAFESEH Release\Main.obj
         Release\Scene.obj
         Release\Tracer.obj
         Создание кода
         Создание кода завершено
         RayTracer.vcxproj -> \\psf\Home\Desktop\CG3\RayTracer\src\..\bin\RayTracer.exe
     1>Сборка проекта "\\psf\Home\Desktop\CG3\RayTracer\src\RayTracer.vcxproj" завершена (целевые объекты Rebuild).

Сборка успешно завершена.

Затраченное время: 00:00:06.39
